<?xml version="1.0" encoding="UTF-8"?>
<!-- Generated by org.testng.reporters.JUnitReportReporter -->
<testsuite skipped="0" hostname="IN-CBCJQ13" name="com.test.LoginPageTest" tests="2" failures="0" timestamp="25 Jul 2022 13:03:56 GMT" time="12.429" errors="0">
  <testcase name="ValidatePageheader" time="6.100" classname="com.test.LoginPageTest"/>
  <testcase name="LoginTest" time="6.329" classname="com.test.LoginPageTest"/>
</testsuite> <!-- com.test.LoginPageTest -->
